INFO:root:ehood@medusa.acs.uci.edu--------> EXTRACTED!!!
INFO:root:logo-florida@2x.png--------> EXTRACTED!!!
INFO:root:logo-herman@2x.png--------> EXTRACTED!!!
INFO:root:logo-ohio@2x.png--------> EXTRACTED!!!
INFO:root:logo-peoples@2x.png--------> EXTRACTED!!!
INFO:root:logo-sony@2x.png--------> EXTRACTED!!!
INFO:root:logo-zumba@2x.png--------> EXTRACTED!!!
INFO:root:api-services-support@amazon.com--------> EXTRACTED!!!
INFO:root:customerservice@springernature.com--------> EXTRACTED!!!
INFO:root:authorsupport@springernature.com--------> EXTRACTED!!!
INFO:root:onlineservice@springernature.com--------> EXTRACTED!!!
INFO:root:oreilly_logo_mark_red_@2x.png--------> EXTRACTED!!!
INFO:root:qmail-subscribe@list.cr.yp.to--------> EXTRACTED!!!
INFO:root:john.smith@example.com--------> EXTRACTED!!!
INFO:root:jsmith@example.com--------> EXTRACTED!!!
INFO:root:john.smith@example.org--------> EXTRACTED!!!
INFO:root:John..Doe@example.com--------> EXTRACTED!!!
INFO:root:JSmith@example.com--------> EXTRACTED!!!
INFO:root:simple@example.com--------> EXTRACTED!!!
INFO:root:very.common@example.com--------> EXTRACTED!!!
INFO:root:disposable.style.email.with+symbol@example.com--------> EXTRACTED!!!
INFO:root:other.email-with-hyphen@example.com--------> EXTRACTED!!!
INFO:root:fully-qualified-domain@example.com--------> EXTRACTED!!!
INFO:root:user.name+tag+sorting@example.com--------> EXTRACTED!!!
INFO:root:user.name@example.com--------> EXTRACTED!!!
INFO:root:x@example.com--------> EXTRACTED!!!
INFO:root:example-indeed@strange-example.com--------> EXTRACTED!!!
INFO:root:test@test.com--------> EXTRACTED!!!
INFO:root:example@s.example--------> EXTRACTED!!!
INFO:root:username@example.org--------> EXTRACTED!!!
INFO:root:user%example.com@example.org--------> EXTRACTED!!!
INFO:root:user@example.com--------> EXTRACTED!!!
INFO:root:user-@example.org--------> EXTRACTED!!!
INFO:root:c@example.com--------> EXTRACTED!!!
INFO:root:l@example.com--------> EXTRACTED!!!
INFO:root:right@example.com--------> EXTRACTED!!!
INFO:root:allowed@example.com--------> EXTRACTED!!!
INFO:root:1234567890123456789012345678901234567890123456789012345678901234+x@example.com--------> EXTRACTED!!!
INFO:root:joeuser+tag@example.com--------> EXTRACTED!!!
INFO:root:joeuser@example.com--------> EXTRACTED!!!
INFO:root:foo+bar@example.com--------> EXTRACTED!!!
INFO:root:foobar@example.com--------> EXTRACTED!!!
INFO:root:Do%20you%20support%20automatic%20aliases%20such%20as%20name+tag@domain.com--------> EXTRACTED!!!
INFO:root:myaddress+extension@pobox.com--------> EXTRACTED!!!
INFO:root:logo46x38@2x.png--------> EXTRACTED!!!
INFO:root:robert@broofa.com--------> EXTRACTED!!!
INFO:root:psf-donations@python.org--------> EXTRACTED!!!
INFO:root:python-dev@python.org--------> EXTRACTED!!!
INFO:root:draft-ietf-dnsind-test-tlds@ietf.org--------> EXTRACTED!!!
INFO:root:dee3@us.ibm.com--------> EXTRACTED!!!
INFO:root:buglady@fuschia.net--------> EXTRACTED!!!
INFO:root:erlend.aasland@innova.no--------> EXTRACTED!!!
INFO:root:lukasz@langa.pl--------> EXTRACTED!!!
INFO:root:stewards@wikimedia.org--------> EXTRACTED!!!
INFO:root:segphault@arstechnica.com--------> EXTRACTED!!!
INFO:root:alexandre@peadrop.com--------> EXTRACTED!!!
INFO:root:unladen-swallow@googlegroups.com--------> EXTRACTED!!!
INFO:root:comp.lang.python@googlegroups.com--------> EXTRACTED!!!
INFO:root:na...@animats.com--------> EXTRACTED!!!
INFO:root:u003ena...@animats.com--------> EXTRACTED!!!
INFO:root:unladen...@googlegroups.com--------> EXTRACTED!!!
INFO:root:u003estro...@gmail.com--------> EXTRACTED!!!
INFO:root:amiga@monkeyhouse.eclipse.co.uk--------> EXTRACTED!!!
INFO:root:donate@wikimedia.org--------> EXTRACTED!!!
INFO:root:privacy@wikimedia.org--------> EXTRACTED!!!
INFO:root:EUrepresentative.Wikimedia@twobirds.com--------> EXTRACTED!!!
INFO:root:UKrepresentative.Wikimedia@twobirds.com--------> EXTRACTED!!!
INFO:root:mediawiki-announce@lists.wikimedia.org--------> EXTRACTED!!!
INFO:root:mediawiki-l@lists.wikimedia.org--------> EXTRACTED!!!
INFO:root:jnoller@gmail.com--------> EXTRACTED!!!
INFO:root:report@bugs.python.org--------> EXTRACTED!!!
INFO:root:Graham.Dumpleton@gmail.com--------> EXTRACTED!!!
INFO:root:onyxg7@users.sourceforge.net--------> EXTRACTED!!!
INFO:root:projevie@hotmail.com--------> EXTRACTED!!!
INFO:root:webmaster@debian.org--------> EXTRACTED!!!
INFO:root:doko@debian.org--------> EXTRACTED!!!
INFO:root:piotr@debian.org--------> EXTRACTED!!!
INFO:root:debian-www@lists.debian.org--------> EXTRACTED!!!
INFO:root:press@debian.org--------> EXTRACTED!!!
INFO:root:c3d1750237a549fe91ac70c27793181b@sentry.io--------> EXTRACTED!!!
INFO:root:scott@kitterman.com--------> EXTRACTED!!!
INFO:root:sknorr@suse.com--------> EXTRACTED!!!
INFO:root:sle_source_request@suse.com--------> EXTRACTED!!!
INFO:root:python-announce-list@python.org--------> EXTRACTED!!!
INFO:root:markhill@cs.wisc.edu--------> EXTRACTED!!!
INFO:root:mikemarty@google.com--------> EXTRACTED!!!
WARNING:urllib3.connection:Certificate did not match expected hostname: www-inst.eecs.berkeley.edu. Certificate: {'subject': ((('countryName', 'US'),), (('stateOrProvinceName', 'California'),), (('organizationName', 'University of California, Berkeley'),), (('organizationalUnitName', 'EECS'),), (('commonName', 'inst.eecs.berkeley.edu'),)), 'issuer': ((('countryName', 'US'),), (('stateOrProvinceName', 'MI'),), (('localityName', 'Ann Arbor'),), (('organizationName', 'Internet2'),), (('organizationalUnitName', 'InCommon'),), (('commonName', 'InCommon RSA Server CA'),)), 'version': 3, 'serialNumber': '54D65D7B6D22B2C29B5123ABC2203D0C', 'notBefore': 'Nov 10 00:00:00 2021 GMT', 'notAfter': 'Dec 11 23:59:59 2022 GMT', 'subjectAltName': (('DNS', 'inst.eecs.berkeley.edu'),), 'OCSP': ('http://ocsp.usertrust.com',), 'caIssuers': ('http://crt.usertrust.com/InCommonRSAServerCA_2.crt',), 'crlDistributionPoints': ('http://crl.incommon-rsa.org/InCommonRSAServerCA.crl',)}
INFO:root:webmaster@cprogramming.com--------> EXTRACTED!!!
INFO:root:info@webofstories.com--------> EXTRACTED!!!
INFO:root:empty-light@2x.png--------> EXTRACTED!!!
INFO:root:nprpolitics@npr.org--------> EXTRACTED!!!
INFO:root:launch_logo_16x9@1x.png--------> EXTRACTED!!!
INFO:root:launch_logo_16x9@1.5x.png--------> EXTRACTED!!!
INFO:root:branded_keyart_small_16x9@1x.png--------> EXTRACTED!!!
INFO:root:branded_keyart_small_16x9@1.5x.png--------> EXTRACTED!!!
INFO:root:launch_art_foreground_16x9@1x.png--------> EXTRACTED!!!
INFO:root:launch_art_foreground_16x9@1.5x.png--------> EXTRACTED!!!
INFO:root:launch_art_background_3x4@1x.png--------> EXTRACTED!!!
INFO:root:launch_art_background_3x4@1.5x.png--------> EXTRACTED!!!
INFO:root:apps-help@google.com--------> EXTRACTED!!!
INFO:root:supports-FamilySharing@2x-f58f31bc78fe9fe7be3565abccbecb34.png--------> EXTRACTED!!!
INFO:root:hello@kumobius.com--------> EXTRACTED!!!
INFO:root:babymansion@hotmail.com--------> EXTRACTED!!!
INFO:root:elfland_support@greenwoodgame.com--------> EXTRACTED!!!
INFO:root:support@robtopgames.com--------> EXTRACTED!!!
INFO:root:feedback@wildfire-games.com--------> EXTRACTED!!!
INFO:root:magictiles3.support@amanotes.com--------> EXTRACTED!!!
INFO:root:privacy@budgestudios.ca--------> EXTRACTED!!!
INFO:root:support@budgestudios.ca--------> EXTRACTED!!!
INFO:root:support@xihegame.com--------> EXTRACTED!!!
INFO:root:u003esupport@hiddenfolks.com--------> EXTRACTED!!!
INFO:root:eOneFamilyapps@entonegroup.com--------> EXTRACTED!!!
INFO:root:support@kidlo.com--------> EXTRACTED!!!
INFO:root:u003esupport@xihegame.com--------> EXTRACTED!!!
INFO:root:tv-hero-mobile@us.jpg--------> EXTRACTED!!!
INFO:root:hero-intro-poster@us.jpg--------> EXTRACTED!!!
INFO:root:hero-intro@us.mp--------> EXTRACTED!!!
INFO:root:hero-intro@us.webm--------> EXTRACTED!!!
INFO:root:desktop_UI_bg@Group01.jpg--------> EXTRACTED!!!
INFO:root:desktop_UI@Group01.png--------> EXTRACTED!!!
INFO:root:mobile_backound@Group01.jpg--------> EXTRACTED!!!
INFO:root:digital-wellbeing-help@google.com--------> EXTRACTED!!!
INFO:root:gboard-dev-support@google.com--------> EXTRACTED!!!
INFO:root:accounts-support@google.com--------> EXTRACTED!!!
INFO:root:transliteration-support+ime@google.com--------> EXTRACTED!!!
INFO:root:googleplay-support@google.com--------> EXTRACTED!!!
INFO:root:u003e@oolta.pulta--------> EXTRACTED!!!
INFO:root:name@email.com--------> EXTRACTED!!!
INFO:root:remoting@bot.talk.google.com--------> EXTRACTED!!!
INFO:root:b6v58qvojllt0i6ql654r1vh00@group.calendar.google.com--------> EXTRACTED!!!
INFO:root:export_bigquery_120@2x.png--------> EXTRACTED!!!
INFO:root:trigger_email_120@2x.png--------> EXTRACTED!!!
INFO:root:algolia_search_120@2x.png--------> EXTRACTED!!!
INFO:root:stripe_subscriptions_120@2x.png--------> EXTRACTED!!!
INFO:root:serving-veterans@google.com--------> EXTRACTED!!!
INFO:root:investor-relations@abc.xyz--------> EXTRACTED!!!
INFO:root:press@google.com--------> EXTRACTED!!!
INFO:root:3a67b35c9dc248a191d761410b095861@sentry.io--------> EXTRACTED!!!
INFO:root:timo@alum.mit.edu--------> EXTRACTED!!!
INFO:root:zooko@zooko.com--------> EXTRACTED!!!
INFO:root:marek@popcount.org--------> EXTRACTED!!!
INFO:root:openssl-core@openssl.org--------> EXTRACTED!!!
INFO:root:eay@cryptsoft.com--------> EXTRACTED!!!
INFO:root:tjh@cryptsoft.com--------> EXTRACTED!!!
INFO:root:jloup@gzip.org--------> EXTRACTED!!!
INFO:root:madler@alumni.caltech.edu--------> EXTRACTED!!!
INFO:root:docs@python.org--------> EXTRACTED!!!
INFO:root:pydotorg-www@python.org--------> EXTRACTED!!!
INFO:root:webmaster@python.org--------> EXTRACTED!!!
INFO:root:hosts@podcastinit.com--------> EXTRACTED!!!
INFO:root:events@python.org--------> EXTRACTED!!!
INFO:root:j7gov1cmnqr9tvg14k621j7t5c@group.calendar.google.com--------> EXTRACTED!!!
INFO:root:3haig2m9msslkpf2tn1h56nn9g@group.calendar.google.com--------> EXTRACTED!!!
INFO:root:pablogsal@python.org--------> EXTRACTED!!!
INFO:root:django-users+subscribe@googlegroups.com--------> EXTRACTED!!!
INFO:root:django-developers+subscribe@googlegroups.com--------> EXTRACTED!!!
INFO:root:kivy-users@googlegroups.com--------> EXTRACTED!!!
INFO:root:mat@kivy.org--------> EXTRACTED!!!
INFO:root:gabriel@kivy.org--------> EXTRACTED!!!
INFO:root:akshay@kivy.org--------> EXTRACTED!!!
INFO:root:alexanderjohntaylor@gmail.com--------> EXTRACTED!!!
INFO:root:moiein2000@gmail.com--------> EXTRACTED!!!
INFO:root:zenkey.zencode@gmail.com--------> EXTRACTED!!!
INFO:root:info@edgewall.com--------> EXTRACTED!!!
INFO:root:copyright@github.com--------> EXTRACTED!!!
INFO:root:email@example.com--------> EXTRACTED!!!
INFO:root:u003ecopyright@github.com--------> EXTRACTED!!!
INFO:root:security-hero-bg@1x.webp--------> EXTRACTED!!!
INFO:root:security-hero-bg@2x.webp--------> EXTRACTED!!!
INFO:root:security-hero-bg@1x.jpg--------> EXTRACTED!!!
INFO:root:privacy@github.com--------> EXTRACTED!!!
INFO:root:security-hero-bg@2x.jpg--------> EXTRACTED!!!
INFO:root:u003eprivacy@github.com--------> EXTRACTED!!!
INFO:root:you@example.com--------> EXTRACTED!!!
INFO:root:Community@2x.png--------> EXTRACTED!!!
INFO:root:Engineering@2x.png--------> EXTRACTED!!!
INFO:root:Enterprise@2x-2.png--------> EXTRACTED!!!
INFO:root:Insights@2x.png--------> EXTRACTED!!!
INFO:root:Product@2x.png--------> EXTRACTED!!!
INFO:root:python-dev-owner@python.org--------> EXTRACTED!!!
INFO:root:datatracker-project@ietf.org--------> EXTRACTED!!!
INFO:root:namedroppers@internic.net--------> EXTRACTED!!!
INFO:root:typing-sig@python.org--------> EXTRACTED!!!
INFO:root:python-ideas@python.org--------> EXTRACTED!!!
INFO:root:python-committers@python.org--------> EXTRACTED!!!
INFO:root:python-dev@python.org-CLVXXPQ2T2LQ5MP2Y53VVQFCXYWQJHKZ.mbox.gz--------> EXTRACTED!!!
INFO:root:xepaine13@gmail.com--------> EXTRACTED!!!
INFO:root:nad@python.org--------> EXTRACTED!!!
INFO:root:marc.culler@gmail.com--------> EXTRACTED!!!
INFO:root:thomas@python.org--------> EXTRACTED!!!
INFO:root:python-committers-leave@python.org--------> EXTRACTED!!!
INFO:root:guido@python.org--------> EXTRACTED!!!
INFO:root:python-dev-leave@python.org--------> EXTRACTED!!!
INFO:root:J@d.Ot--------> EXTRACTED!!!
INFO:root:b@i.At--------> EXTRACTED!!!
INFO:root:2@R.Nh--------> EXTRACTED!!!
INFO:root:P@a.ug--------> EXTRACTED!!!
INFO:root:y@g.wn--------> EXTRACTED!!!
INFO:root:B@A.FQF--------> EXTRACTED!!!
INFO:root:hg@hg.python.org--------> EXTRACTED!!!
INFO:root:llvm-admin@lists.llvm.org--------> EXTRACTED!!!
INFO:root:rhonda@ubuntu.com--------> EXTRACTED!!!
INFO:root:pkg-llvm-team@lists.alioth.debian.org--------> EXTRACTED!!!
INFO:root:sylvestre@debian.org--------> EXTRACTED!!!
INFO:root:locutusofborg@debian.org--------> EXTRACTED!!!
INFO:root:salimma@fedoraproject.org--------> EXTRACTED!!!
INFO:root:rel-eng@lists.fedoraproject.org--------> EXTRACTED!!!
INFO:root:bos@serpentine.com--------> EXTRACTED!!!
INFO:root:tcallawa@redhat.com--------> EXTRACTED!!!
INFO:root:rel-eng@fedoraproject.org--------> EXTRACTED!!!
INFO:root:ea49358f525d4019945839a3d7a8292a@o55978.ingest.sentry.io--------> EXTRACTED!!!
INFO:root:webmaster@lists.opensource.org--------> EXTRACTED!!!
INFO:root:squirrelfish-dev@lists.webkit.org--------> EXTRACTED!!!
INFO:root:webmaster@ffconsultancy.com--------> EXTRACTED!!!
INFO:root:info@vuo.org--------> EXTRACTED!!!
INFO:root:llvm-dev@lists.llvm.org--------> EXTRACTED!!!
INFO:root:bugs-admin@lists.llvm.org--------> EXTRACTED!!!
INFO:root:michael@michaelfranz.com--------> EXTRACTED!!!
INFO:root:franz@uci.edu--------> EXTRACTED!!!
INFO:root:vanesg9@uci.edu--------> EXTRACTED!!!
INFO:root:scott+python-...@scottdial.com--------> EXTRACTED!!!
INFO:root:scott%2bpython-...@scottdial.com--------> EXTRACTED!!!
INFO:root:sc...@scottdial.com--------> EXTRACTED!!!
INFO:root:scod...@cs.indiana.edu--------> EXTRACTED!!!
INFO:root:Python-Dev@python.org--------> EXTRACTED!!!
INFO:root:c184dbd11001300915j798fe21eoacafa8cee2b312fc@mail.gmail.com--------> EXTRACTED!!!
INFO:root:cesare.di.ma...@gmail.com--------> EXTRACTED!!!
INFO:root:3c8293b61001261442ne4fefd9s30afd034d13c2c07@mail.gmail.com--------> EXTRACTED!!!
INFO:root:collinwin...@google.com--------> EXTRACTED!!!
INFO:root:bbaeab101002101252k57151632md0c0c69f3965d009@mail.gmail.com--------> EXTRACTED!!!
INFO:root:collinwinter@google.com--------> EXTRACTED!!!
INFO:root:jyasskin@google.com--------> EXTRACTED!!!
INFO:root:rnk@mit.edu--------> EXTRACTED!!!
